<?xml version="1.0" encoding="UTF-8"?>
<testsuite name="com.fineos.fileexplorer.operations.CopyFileExecutorTest" tests="1" skipped="0" failures="0" errors="0" timestamp="2016-01-12T12:17:02" hostname="ubuntu" time="0.001">
  <properties/>
  <testcase name="testExecute" classname="com.fineos.fileexplorer.operations.CopyFileExecutorTest" time="0.001"/>
  <system-out><![CDATA[]]></system-out>
  <system-err><![CDATA[]]></system-err>
</testsuite>
